<?xml version="1.0" encoding="UTF-8"?>
<testng-results ignored="0" total="1" passed="1" failed="0" skipped="0">
  <reporter-output>
  </reporter-output>
  <suite started-at="2024-12-10T06:01:11Z" name="Default suite" finished-at="2024-12-10T06:01:35Z" duration-ms="23919">
    <groups>
    </groups>
    <test started-at="2024-12-10T06:01:11Z" name="Default test" finished-at="2024-12-10T06:01:35Z" duration-ms="23919">
      <class name="demoworkshop.DemoTest">
        <test-method signature="testRegi()[pri:0, instance:demoworkshop.DemoTest@b4711e2]" started-at="2024-12-10T06:01:12Z" name="testRegi" finished-at="2024-12-10T06:01:35Z" duration-ms="23902" status="PASS">
          <reporter-output>
          </reporter-output>
        </test-method> <!-- testRegi -->
      </class> <!-- demoworkshop.DemoTest -->
    </test> <!-- Default test -->
  </suite> <!-- Default suite -->
</testng-results>
